javax.net.ssl|DEBUG|30|main|2026-07-19 12:43:03.388 CDT|SSLContextImpl.java:414|System property jdk.tls.client.cipherSuites is set to 'null'
javax.net.ssl|DEBUG|30|main|2026-07-19 12:43:03.396 CDT|SSLContextImpl.java:414|System property jdk.tls.server.cipherSuites is set to 'null'
javax.net.ssl|DEBUG|30|main|2026-07-19 12:43:03.414 CDT|SSLCipher.java:423|jdk.tls.keyLimits:  entry = AES/GCM/NoPadding KeyUpdate 2^37. AES/GCM/NOPADDING:KEYUPDATE = 137438953472
javax.net.ssl|DEBUG|30|main|2026-07-19 12:43:03.415 CDT|SSLCipher.java:423|jdk.tls.keyLimits:  entry =  ChaCha20-Poly1305 KeyUpdate 2^37. CHACHA20-POLY1305:KEYUPDATE = 137438953472
javax.net.ssl|DEBUG|30|main|2026-07-19 12:43:03.421 CDT|SSLContextImpl.java:388|Ignore disabled cipher suite: TLS_ECDH_ECDSA_WITH_AES_256_GCM_SHA384
javax.net.ssl|TRACE|30|main|2026-07-19 12:43:03.421 CDT|SSLContextImpl.java:397|Ignore unsupported cipher suite: TLS_ECDH_ECDSA_WITH_AES_256_GCM_SHA384
javax.net.ssl|DEBUG|30|main|2026-07-19 12:43:03.421 CDT|SSLContextImpl.java:388|Ignore disabled cipher suite: TLS_ECDH_RSA_WITH_AES_256_GCM_SHA384
javax.net.ssl|TRACE|30|main|2026-07-19 12:43:03.421 CDT|SSLContextImpl.java:397|Ignore unsupported cipher suite: TLS_ECDH_RSA_WITH_AES_256_GCM_SHA384
javax.net.ssl|DEBUG|30|main|2026-07-19 12:43:03.421 CDT|SSLContextImpl.java:388|Ignore disabled cipher suite: TLS_ECDH_ECDSA_WITH_AES_128_GCM_SHA256
javax.net.ssl|TRACE|30|main|2026-07-19 12:43:03.421 CDT|SSLContextImpl.java:397|Ignore unsupported cipher suite: TLS_ECDH_ECDSA_WITH_AES_128_GCM_SHA256
javax.net.ssl|DEBUG|30|main|2026-07-19 12:43:03.421 CDT|SSLContextImpl.java:388|Ignore disabled cipher suite: TLS_ECDH_RSA_WITH_AES_128_GCM_SHA256
javax.net.ssl|TRACE|30|main|2026-07-19 12:43:03.421 CDT|SSLContextImpl.java:397|Ignore unsupported cipher suite: TLS_ECDH_RSA_WITH_AES_128_GCM_SHA256
javax.net.ssl|DEBUG|30|main|2026-07-19 12:43:03.422 CDT|SSLContextImpl.java:388|Ignore disabled cipher suite: TLS_ECDH_ECDSA_WITH_AES_256_CBC_SHA384
javax.net.ssl|TRACE|30|main|2026-07-19 12:43:03.422 CDT|SSLContextImpl.java:397|Ignore unsupported cipher suite: TLS_ECDH_ECDSA_WITH_AES_256_CBC_SHA384
javax.net.ssl|DEBUG|30|main|2026-07-19 12:43:03.422 CDT|SSLContextImpl.java:388|Ignore disabled cipher suite: TLS_ECDH_RSA_WITH_AES_256_CBC_SHA384
javax.net.ssl|TRACE|30|main|2026-07-19 12:43:03.422 CDT|SSLContextImpl.java:397|Ignore unsupported cipher suite: TLS_ECDH_RSA_WITH_AES_256_CBC_SHA384
javax.net.ssl|DEBUG|30|main|2026-07-19 12:43:03.422 CDT|SSLContextImpl.java:388|Ignore disabled cipher suite: TLS_ECDH_ECDSA_WITH_AES_128_CBC_SHA256
javax.net.ssl|TRACE|30|main|2026-07-19 12:43:03.422 CDT|SSLContextImpl.java:397|Ignore unsupported cipher suite: TLS_ECDH_ECDSA_WITH_AES_128_CBC_SHA256
javax.net.ssl|DEBUG|30|main|2026-07-19 12:43:03.422 CDT|SSLContextImpl.java:388|Ignore disabled cipher suite: TLS_ECDH_RSA_WITH_AES_128_CBC_SHA256
javax.net.ssl|TRACE|30|main|2026-07-19 12:43:03.422 CDT|SSLContextImpl.java:397|Ignore unsupported cipher suite: TLS_ECDH_RSA_WITH_AES_128_CBC_SHA256
javax.net.ssl|DEBUG|30|main|2026-07-19 12:43:03.423 CDT|SSLContextImpl.java:388|Ignore disabled cipher suite: TLS_ECDH_ECDSA_WITH_AES_256_CBC_SHA
javax.net.ssl|TRACE|30|main|2026-07-19 12:43:03.423 CDT|SSLContextImpl.java:397|Ignore unsupported cipher suite: TLS_ECDH_ECDSA_WITH_AES_256_CBC_SHA
javax.net.ssl|DEBUG|30|main|2026-07-19 12:43:03.423 CDT|SSLContextImpl.java:388|Ignore disabled cipher suite: TLS_ECDH_RSA_WITH_AES_256_CBC_SHA
javax.net.ssl|TRACE|30|main|2026-07-19 12:43:03.423 CDT|SSLContextImpl.java:397|Ignore unsupported cipher suite: TLS_ECDH_RSA_WITH_AES_256_CBC_SHA
javax.net.ssl|DEBUG|30|main|2026-07-19 12:43:03.423 CDT|SSLContextImpl.java:388|Ignore disabled cipher suite: TLS_ECDH_ECDSA_WITH_AES_128_CBC_SHA
javax.net.ssl|TRACE|30|main|2026-07-19 12:43:03.423 CDT|SSLContextImpl.java:397|Ignore unsupported cipher suite: TLS_ECDH_ECDSA_WITH_AES_128_CBC_SHA
javax.net.ssl|DEBUG|30|main|2026-07-19 12:43:03.423 CDT|SSLContextImpl.java:388|Ignore disabled cipher suite: TLS_ECDH_RSA_WITH_AES_128_CBC_SHA
javax.net.ssl|TRACE|30|main|2026-07-19 12:43:03.423 CDT|SSLContextImpl.java:397|Ignore unsupported cipher suite: TLS_ECDH_RSA_WITH_AES_128_CBC_SHA
javax.net.ssl|DEBUG|30|main|2026-07-19 12:43:03.424 CDT|SSLContextImpl.java:388|Ignore disabled cipher suite: TLS_RSA_WITH_AES_256_GCM_SHA384
javax.net.ssl|TRACE|30|main|2026-07-19 12:43:03.424 CDT|SSLContextImpl.java:397|Ignore unsupported cipher suite: TLS_RSA_WITH_AES_256_GCM_SHA384
javax.net.ssl|DEBUG|30|main|2026-07-19 12:43:03.424 CDT|SSLContextImpl.java:388|Ignore disabled cipher suite: TLS_RSA_WITH_AES_128_GCM_SHA256
javax.net.ssl|TRACE|30|main|2026-07-19 12:43:03.424 CDT|SSLContextImpl.java:397|Ignore unsupported cipher suite: TLS_RSA_WITH_AES_128_GCM_SHA256
javax.net.ssl|DEBUG|30|main|2026-07-19 12:43:03.424 CDT|SSLContextImpl.java:388|Ignore disabled cipher suite: TLS_RSA_WITH_AES_256_CBC_SHA256
javax.net.ssl|TRACE|30|main|2026-07-19 12:43:03.424 CDT|SSLContextImpl.java:397|Ignore unsupported cipher suite: TLS_RSA_WITH_AES_256_CBC_SHA256
javax.net.ssl|DEBUG|30|main|2026-07-19 12:43:03.424 CDT|SSLContextImpl.java:388|Ignore disabled cipher suite: TLS_RSA_WITH_AES_128_CBC_SHA256
javax.net.ssl|TRACE|30|main|2026-07-19 12:43:03.424 CDT|SSLContextImpl.java:397|Ignore unsupported cipher suite: TLS_RSA_WITH_AES_128_CBC_SHA256
javax.net.ssl|DEBUG|30|main|2026-07-19 12:43:03.424 CDT|SSLContextImpl.java:388|Ignore disabled cipher suite: TLS_RSA_WITH_AES_256_CBC_SHA
javax.net.ssl|TRACE|30|main|2026-07-19 12:43:03.425 CDT|SSLContextImpl.java:397|Ignore unsupported cipher suite: TLS_RSA_WITH_AES_256_CBC_SHA
javax.net.ssl|DEBUG|30|main|2026-07-19 12:43:03.425 CDT|SSLContextImpl.java:388|Ignore disabled cipher suite: TLS_RSA_WITH_AES_128_CBC_SHA
javax.net.ssl|TRACE|30|main|2026-07-19 12:43:03.425 CDT|SSLContextImpl.java:397|Ignore unsupported cipher suite: TLS_RSA_WITH_AES_128_CBC_SHA
javax.net.ssl|DEBUG|30|main|2026-07-19 12:43:03.425 CDT|SSLContextImpl.java:388|Ignore disabled cipher suite: TLS_DH_anon_WITH_AES_256_GCM_SHA384
javax.net.ssl|TRACE|30|main|2026-07-19 12:43:03.425 CDT|SSLContextImpl.java:397|Ignore unsupported cipher suite: TLS_DH_anon_WITH_AES_256_GCM_SHA384
javax.net.ssl|DEBUG|30|main|2026-07-19 12:43:03.425 CDT|SSLContextImpl.java:388|Ignore disabled cipher suite: TLS_DH_anon_WITH_AES_128_GCM_SHA256
javax.net.ssl|TRACE|30|main|2026-07-19 12:43:03.425 CDT|SSLContextImpl.java:397|Ignore unsupported cipher suite: TLS_DH_anon_WITH_AES_128_GCM_SHA256
javax.net.ssl|DEBUG|30|main|2026-07-19 12:43:03.425 CDT|SSLContextImpl.java:388|Ignore disabled cipher suite: TLS_DH_anon_WITH_AES_256_CBC_SHA256
javax.net.ssl|TRACE|30|main|2026-07-19 12:43:03.425 CDT|SSLContextImpl.java:397|Ignore unsupported cipher suite: TLS_DH_anon_WITH_AES_256_CBC_SHA256
javax.net.ssl|DEBUG|30|main|2026-07-19 12:43:03.425 CDT|SSLContextImpl.java:388|Ignore disabled cipher suite: TLS_ECDH_anon_WITH_AES_256_CBC_SHA
javax.net.ssl|TRACE|30|main|2026-07-19 12:43:03.425 CDT|SSLContextImpl.java:397|Ignore unsupported cipher suite: TLS_ECDH_anon_WITH_AES_256_CBC_SHA
javax.net.ssl|DEBUG|30|main|2026-07-19 12:43:03.426 CDT|SSLContextImpl.java:388|Ignore disabled cipher suite: TLS_DH_anon_WITH_AES_256_CBC_SHA
javax.net.ssl|TRACE|30|main|2026-07-19 12:43:03.426 CDT|SSLContextImpl.java:397|Ignore unsupported cipher suite: TLS_DH_anon_WITH_AES_256_CBC_SHA
javax.net.ssl|DEBUG|30|main|2026-07-19 12:43:03.426 CDT|SSLContextImpl.java:388|Ignore disabled cipher suite: TLS_DH_anon_WITH_AES_128_CBC_SHA256
javax.net.ssl|TRACE|30|main|2026-07-19 12:43:03.426 CDT|SSLContextImpl.java:397|Ignore unsupported cipher suite: TLS_DH_anon_WITH_AES_128_CBC_SHA256
javax.net.ssl|DEBUG|30|main|2026-07-19 12:43:03.426 CDT|SSLContextImpl.java:388|Ignore disabled cipher suite: TLS_ECDH_anon_WITH_AES_128_CBC_SHA
javax.net.ssl|TRACE|30|main|2026-07-19 12:43:03.426 CDT|SSLContextImpl.java:397|Ignore unsupported cipher suite: TLS_ECDH_anon_WITH_AES_128_CBC_SHA
javax.net.ssl|DEBUG|30|main|2026-07-19 12:43:03.426 CDT|SSLContextImpl.java:388|Ignore disabled cipher suite: TLS_DH_anon_WITH_AES_128_CBC_SHA
javax.net.ssl|TRACE|30|main|2026-07-19 12:43:03.426 CDT|SSLContextImpl.java:397|Ignore unsupported cipher suite: TLS_DH_anon_WITH_AES_128_CBC_SHA
javax.net.ssl|DEBUG|30|main|2026-07-19 12:43:03.426 CDT|SSLContextImpl.java:388|Ignore disabled cipher suite: TLS_ECDHE_ECDSA_WITH_3DES_EDE_CBC_SHA
javax.net.ssl|TRACE|30|main|2026-07-19 12:43:03.426 CDT|SSLContextImpl.java:397|Ignore unsupported cipher suite: TLS_ECDHE_ECDSA_WITH_3DES_EDE_CBC_SHA
javax.net.ssl|DEBUG|30|main|2026-07-19 12:43:03.426 CDT|SSLContextImpl.java:388|Ignore disabled cipher suite: TLS_ECDHE_RSA_WITH_3DES_EDE_CBC_SHA
javax.net.ssl|TRACE|30|main|2026-07-19 12:43:03.426 CDT|SSLContextImpl.java:397|Ignore unsupported cipher suite: TLS_ECDHE_RSA_WITH_3DES_EDE_CBC_SHA
javax.net.ssl|DEBUG|30|main|2026-07-19 12:43:03.426 CDT|SSLContextImpl.java:388|Ignore disabled cipher suite: SSL_DHE_RSA_WITH_3DES_EDE_CBC_SHA
javax.net.ssl|TRACE|30|main|2026-07-19 12:43:03.427 CDT|SSLContextImpl.java:397|Ignore unsupported cipher suite: SSL_DHE_RSA_WITH_3DES_EDE_CBC_SHA
javax.net.ssl|DEBUG|30|main|2026-07-19 12:43:03.427 CDT|SSLContextImpl.java:388|Ignore disabled cipher suite: SSL_DHE_DSS_WITH_3DES_EDE_CBC_SHA
javax.net.ssl|TRACE|30|main|2026-07-19 12:43:03.427 CDT|SSLContextImpl.java:397|Ignore unsupported cipher suite: SSL_DHE_DSS_WITH_3DES_EDE_CBC_SHA
javax.net.ssl|DEBUG|30|main|2026-07-19 12:43:03.427 CDT|SSLContextImpl.java:388|Ignore disabled cipher suite: TLS_ECDH_ECDSA_WITH_3DES_EDE_CBC_SHA
javax.net.ssl|TRACE|30|main|2026-07-19 12:43:03.427 CDT|SSLContextImpl.java:397|Ignore unsupported cipher suite: TLS_ECDH_ECDSA_WITH_3DES_EDE_CBC_SHA
javax.net.ssl|DEBUG|30|main|2026-07-19 12:43:03.427 CDT|SSLContextImpl.java:388|Ignore disabled cipher suite: TLS_ECDH_RSA_WITH_3DES_EDE_CBC_SHA
javax.net.ssl|TRACE|30|main|2026-07-19 12:43:03.427 CDT|SSLContextImpl.java:397|Ignore unsupported cipher suite: TLS_ECDH_RSA_WITH_3DES_EDE_CBC_SHA
javax.net.ssl|DEBUG|30|main|2026-07-19 12:43:03.427 CDT|SSLContextImpl.java:388|Ignore disabled cipher suite: SSL_RSA_WITH_3DES_EDE_CBC_SHA
javax.net.ssl|TRACE|30|main|2026-07-19 12:43:03.427 CDT|SSLContextImpl.java:397|Ignore unsupported cipher suite: SSL_RSA_WITH_3DES_EDE_CBC_SHA
javax.net.ssl|DEBUG|30|main|2026-07-19 12:43:03.427 CDT|SSLContextImpl.java:388|Ignore disabled cipher suite: TLS_ECDH_anon_WITH_3DES_EDE_CBC_SHA
javax.net.ssl|TRACE|30|main|2026-07-19 12:43:03.427 CDT|SSLContextImpl.java:397|Ignore unsupported cipher suite: TLS_ECDH_anon_WITH_3DES_EDE_CBC_SHA
javax.net.ssl|DEBUG|30|main|2026-07-19 12:43:03.427 CDT|SSLContextImpl.java:388|Ignore disabled cipher suite: SSL_DH_anon_WITH_3DES_EDE_CBC_SHA
javax.net.ssl|TRACE|30|main|2026-07-19 12:43:03.427 CDT|SSLContextImpl.java:397|Ignore unsupported cipher suite: SSL_DH_anon_WITH_3DES_EDE_CBC_SHA
javax.net.ssl|DEBUG|30|main|2026-07-19 12:43:03.427 CDT|SSLContextImpl.java:388|Ignore disabled cipher suite: TLS_ECDHE_ECDSA_WITH_RC4_128_SHA
javax.net.ssl|TRACE|30|main|2026-07-19 12:43:03.427 CDT|SSLContextImpl.java:397|Ignore unsupported cipher suite: TLS_ECDHE_ECDSA_WITH_RC4_128_SHA
javax.net.ssl|DEBUG|30|main|2026-07-19 12:43:03.428 CDT|SSLContextImpl.java:388|Ignore disabled cipher suite: TLS_ECDHE_RSA_WITH_RC4_128_SHA
javax.net.ssl|TRACE|30|main|2026-07-19 12:43:03.428 CDT|SSLContextImpl.java:397|Ignore unsupported cipher suite: TLS_ECDHE_RSA_WITH_RC4_128_SHA
javax.net.ssl|DEBUG|30|main|2026-07-19 12:43:03.428 CDT|SSLContextImpl.java:388|Ignore disabled cipher suite: SSL_RSA_WITH_RC4_128_SHA
javax.net.ssl|TRACE|30|main|2026-07-19 12:43:03.428 CDT|SSLContextImpl.java:397|Ignore unsupported cipher suite: SSL_RSA_WITH_RC4_128_SHA
javax.net.ssl|DEBUG|30|main|2026-07-19 12:43:03.428 CDT|SSLContextImpl.java:388|Ignore disabled cipher suite: TLS_ECDH_ECDSA_WITH_RC4_128_SHA
javax.net.ssl|TRACE|30|main|2026-07-19 12:43:03.428 CDT|SSLContextImpl.java:397|Ignore unsupported cipher suite: TLS_ECDH_ECDSA_WITH_RC4_128_SHA
javax.net.ssl|DEBUG|30|main|2026-07-19 12:43:03.428 CDT|SSLContextImpl.java:388|Ignore disabled cipher suite: TLS_ECDH_RSA_WITH_RC4_128_SHA
javax.net.ssl|TRACE|30|main|2026-07-19 12:43:03.428 CDT|SSLContextImpl.java:397|Ignore unsupported cipher suite: TLS_ECDH_RSA_WITH_RC4_128_SHA
javax.net.ssl|DEBUG|30|main|2026-07-19 12:43:03.428 CDT|SSLContextImpl.java:388|Ignore disabled cipher suite: SSL_RSA_WITH_RC4_128_MD5
javax.net.ssl|TRACE|30|main|2026-07-19 12:43:03.428 CDT|SSLContextImpl.java:397|Ignore unsupported cipher suite: SSL_RSA_WITH_RC4_128_MD5
javax.net.ssl|DEBUG|30|main|2026-07-19 12:43:03.428 CDT|SSLContextImpl.java:388|Ignore disabled cipher suite: TLS_ECDH_anon_WITH_RC4_128_SHA
javax.net.ssl|TRACE|30|main|2026-07-19 12:43:03.428 CDT|SSLContextImpl.java:397|Ignore unsupported cipher suite: TLS_ECDH_anon_WITH_RC4_128_SHA
javax.net.ssl|DEBUG|30|main|2026-07-19 12:43:03.428 CDT|SSLContextImpl.java:388|Ignore disabled cipher suite: SSL_DH_anon_WITH_RC4_128_MD5
javax.net.ssl|TRACE|30|main|2026-07-19 12:43:03.428 CDT|SSLContextImpl.java:397|Ignore unsupported cipher suite: SSL_DH_anon_WITH_RC4_128_MD5
javax.net.ssl|DEBUG|30|main|2026-07-19 12:43:03.428 CDT|SSLContextImpl.java:388|Ignore disabled cipher suite: SSL_RSA_WITH_DES_CBC_SHA
javax.net.ssl|TRACE|30|main|2026-07-19 12:43:03.428 CDT|SSLContextImpl.java:397|Ignore unsupported cipher suite: SSL_RSA_WITH_DES_CBC_SHA
javax.net.ssl|DEBUG|30|main|2026-07-19 12:43:03.429 CDT|SSLContextImpl.java:388|Ignore disabled cipher suite: SSL_DHE_RSA_WITH_DES_CBC_SHA
javax.net.ssl|TRACE|30|main|2026-07-19 12:43:03.429 CDT|SSLContextImpl.java:397|Ignore unsupported cipher suite: SSL_DHE_RSA_WITH_DES_CBC_SHA
javax.net.ssl|DEBUG|30|main|2026-07-19 12:43:03.429 CDT|SSLContextImpl.java:388|Ignore disabled cipher suite: SSL_DHE_DSS_WITH_DES_CBC_SHA
javax.net.ssl|TRACE|30|main|2026-07-19 12:43:03.429 CDT|SSLContextImpl.java:397|Ignore unsupported cipher suite: SSL_DHE_DSS_WITH_DES_CBC_SHA
javax.net.ssl|DEBUG|30|main|2026-07-19 12:43:03.429 CDT|SSLContextImpl.java:388|Ignore disabled cipher suite: SSL_DH_anon_WITH_DES_CBC_SHA
javax.net.ssl|TRACE|30|main|2026-07-19 12:43:03.429 CDT|SSLContextImpl.java:397|Ignore unsupported cipher suite: SSL_DH_anon_WITH_DES_CBC_SHA
javax.net.ssl|DEBUG|30|main|2026-07-19 12:43:03.429 CDT|SSLContextImpl.java:388|Ignore disabled cipher suite: SSL_RSA_EXPORT_WITH_DES40_CBC_SHA
javax.net.ssl|TRACE|30|main|2026-07-19 12:43:03.430 CDT|SSLContextImpl.java:397|Ignore unsupported cipher suite: SSL_RSA_EXPORT_WITH_DES40_CBC_SHA
javax.net.ssl|DEBUG|30|main|2026-07-19 12:43:03.430 CDT|SSLContextImpl.java:388|Ignore disabled cipher suite: SSL_DHE_RSA_EXPORT_WITH_DES40_CBC_SHA
javax.net.ssl|TRACE|30|main|2026-07-19 12:43:03.430 CDT|SSLContextImpl.java:397|Ignore unsupported cipher suite: SSL_DHE_RSA_EXPORT_WITH_DES40_CBC_SHA
javax.net.ssl|DEBUG|30|main|2026-07-19 12:43:03.430 CDT|SSLContextImpl.java:388|Ignore disabled cipher suite: SSL_DHE_DSS_EXPORT_WITH_DES40_CBC_SHA
javax.net.ssl|TRACE|30|main|2026-07-19 12:43:03.430 CDT|SSLContextImpl.java:397|Ignore unsupported cipher suite: SSL_DHE_DSS_EXPORT_WITH_DES40_CBC_SHA
javax.net.ssl|DEBUG|30|main|2026-07-19 12:43:03.430 CDT|SSLContextImpl.java:388|Ignore disabled cipher suite: SSL_DH_anon_EXPORT_WITH_DES40_CBC_SHA
javax.net.ssl|TRACE|30|main|2026-07-19 12:43:03.430 CDT|SSLContextImpl.java:397|Ignore unsupported cipher suite: SSL_DH_anon_EXPORT_WITH_DES40_CBC_SHA
javax.net.ssl|DEBUG|30|main|2026-07-19 12:43:03.430 CDT|SSLContextImpl.java:388|Ignore disabled cipher suite: SSL_RSA_EXPORT_WITH_RC4_40_MD5
javax.net.ssl|TRACE|30|main|2026-07-19 12:43:03.430 CDT|SSLContextImpl.java:397|Ignore unsupported cipher suite: SSL_RSA_EXPORT_WITH_RC4_40_MD5
javax.net.ssl|DEBUG|30|main|2026-07-19 12:43:03.430 CDT|SSLContextImpl.java:388|Ignore disabled cipher suite: SSL_DH_anon_EXPORT_WITH_RC4_40_MD5
javax.net.ssl|TRACE|30|main|2026-07-19 12:43:03.430 CDT|SSLContextImpl.java:397|Ignore unsupported cipher suite: SSL_DH_anon_EXPORT_WITH_RC4_40_MD5
javax.net.ssl|DEBUG|30|main|2026-07-19 12:43:03.430 CDT|SSLContextImpl.java:388|Ignore disabled cipher suite: TLS_RSA_WITH_NULL_SHA256
javax.net.ssl|TRACE|30|main|2026-07-19 12:43:03.430 CDT|SSLContextImpl.java:397|Ignore unsupported cipher suite: TLS_RSA_WITH_NULL_SHA256
javax.net.ssl|DEBUG|30|main|2026-07-19 12:43:03.430 CDT|SSLContextImpl.java:388|Ignore disabled cipher suite: TLS_ECDHE_ECDSA_WITH_NULL_SHA
javax.net.ssl|TRACE|30|main|2026-07-19 12:43:03.430 CDT|SSLContextImpl.java:397|Ignore unsupported cipher suite: TLS_ECDHE_ECDSA_WITH_NULL_SHA
javax.net.ssl|DEBUG|30|main|2026-07-19 12:43:03.430 CDT|SSLContextImpl.java:388|Ignore disabled cipher suite: TLS_ECDHE_RSA_WITH_NULL_SHA
javax.net.ssl|TRACE|30|main|2026-07-19 12:43:03.430 CDT|SSLContextImpl.java:397|Ignore unsupported cipher suite: TLS_ECDHE_RSA_WITH_NULL_SHA
javax.net.ssl|DEBUG|30|main|2026-07-19 12:43:03.431 CDT|SSLContextImpl.java:388|Ignore disabled cipher suite: SSL_RSA_WITH_NULL_SHA
javax.net.ssl|TRACE|30|main|2026-07-19 12:43:03.431 CDT|SSLContextImpl.java:397|Ignore unsupported cipher suite: SSL_RSA_WITH_NULL_SHA
javax.net.ssl|DEBUG|30|main|2026-07-19 12:43:03.431 CDT|SSLContextImpl.java:388|Ignore disabled cipher suite: TLS_ECDH_ECDSA_WITH_NULL_SHA
javax.net.ssl|TRACE|30|main|2026-07-19 12:43:03.431 CDT|SSLContextImpl.java:397|Ignore unsupported cipher suite: TLS_ECDH_ECDSA_WITH_NULL_SHA
javax.net.ssl|DEBUG|30|main|2026-07-19 12:43:03.431 CDT|SSLContextImpl.java:388|Ignore disabled cipher suite: TLS_ECDH_RSA_WITH_NULL_SHA
javax.net.ssl|TRACE|30|main|2026-07-19 12:43:03.431 CDT|SSLContextImpl.java:397|Ignore unsupported cipher suite: TLS_ECDH_RSA_WITH_NULL_SHA
javax.net.ssl|DEBUG|30|main|2026-07-19 12:43:03.431 CDT|SSLContextImpl.java:388|Ignore disabled cipher suite: TLS_ECDH_anon_WITH_NULL_SHA
javax.net.ssl|TRACE|30|main|2026-07-19 12:43:03.431 CDT|SSLContextImpl.java:397|Ignore unsupported cipher suite: TLS_ECDH_anon_WITH_NULL_SHA
javax.net.ssl|DEBUG|30|main|2026-07-19 12:43:03.431 CDT|SSLContextImpl.java:388|Ignore disabled cipher suite: SSL_RSA_WITH_NULL_MD5
javax.net.ssl|TRACE|30|main|2026-07-19 12:43:03.431 CDT|SSLContextImpl.java:397|Ignore unsupported cipher suite: SSL_RSA_WITH_NULL_MD5
javax.net.ssl|DEBUG|30|main|2026-07-19 12:43:03.431 CDT|SSLContextImpl.java:388|Ignore disabled cipher suite: TLS_ECDH_ECDSA_WITH_AES_256_GCM_SHA384
javax.net.ssl|TRACE|30|main|2026-07-19 12:43:03.431 CDT|SSLContextImpl.java:397|Ignore unsupported cipher suite: TLS_ECDH_ECDSA_WITH_AES_256_GCM_SHA384
javax.net.ssl|DEBUG|30|main|2026-07-19 12:43:03.431 CDT|SSLContextImpl.java:388|Ignore disabled cipher suite: TLS_ECDH_RSA_WITH_AES_256_GCM_SHA384
javax.net.ssl|TRACE|30|main|2026-07-19 12:43:03.431 CDT|SSLContextImpl.java:397|Ignore unsupported cipher suite: TLS_ECDH_RSA_WITH_AES_256_GCM_SHA384
javax.net.ssl|DEBUG|30|main|2026-07-19 12:43:03.431 CDT|SSLContextImpl.java:388|Ignore disabled cipher suite: TLS_ECDH_ECDSA_WITH_AES_128_GCM_SHA256
javax.net.ssl|TRACE|30|main|2026-07-19 12:43:03.431 CDT|SSLContextImpl.java:397|Ignore unsupported cipher suite: TLS_ECDH_ECDSA_WITH_AES_128_GCM_SHA256
javax.net.ssl|DEBUG|30|main|2026-07-19 12:43:03.432 CDT|SSLContextImpl.java:388|Ignore disabled cipher suite: TLS_ECDH_RSA_WITH_AES_128_GCM_SHA256
javax.net.ssl|TRACE|30|main|2026-07-19 12:43:03.432 CDT|SSLContextImpl.java:397|Ignore unsupported cipher suite: TLS_ECDH_RSA_WITH_AES_128_GCM_SHA256
javax.net.ssl|DEBUG|30|main|2026-07-19 12:43:03.432 CDT|SSLContextImpl.java:388|Ignore disabled cipher suite: TLS_ECDH_ECDSA_WITH_AES_256_CBC_SHA384
javax.net.ssl|TRACE|30|main|2026-07-19 12:43:03.432 CDT|SSLContextImpl.java:397|Ignore unsupported cipher suite: TLS_ECDH_ECDSA_WITH_AES_256_CBC_SHA384
javax.net.ssl|DEBUG|30|main|2026-07-19 12:43:03.432 CDT|SSLContextImpl.java:388|Ignore disabled cipher suite: TLS_ECDH_RSA_WITH_AES_256_CBC_SHA384
javax.net.ssl|TRACE|30|main|2026-07-19 12:43:03.432 CDT|SSLContextImpl.java:397|Ignore unsupported cipher suite: TLS_ECDH_RSA_WITH_AES_256_CBC_SHA384
javax.net.ssl|DEBUG|30|main|2026-07-19 12:43:03.432 CDT|SSLContextImpl.java:388|Ignore disabled cipher suite: TLS_ECDH_ECDSA_WITH_AES_128_CBC_SHA256
javax.net.ssl|TRACE|30|main|2026-07-19 12:43:03.432 CDT|SSLContextImpl.java:397|Ignore unsupported cipher suite: TLS_ECDH_ECDSA_WITH_AES_128_CBC_SHA256
javax.net.ssl|DEBUG|30|main|2026-07-19 12:43:03.432 CDT|SSLContextImpl.java:388|Ignore disabled cipher suite: TLS_ECDH_RSA_WITH_AES_128_CBC_SHA256
javax.net.ssl|TRACE|30|main|2026-07-19 12:43:03.432 CDT|SSLContextImpl.java:397|Ignore unsupported cipher suite: TLS_ECDH_RSA_WITH_AES_128_CBC_SHA256
javax.net.ssl|DEBUG|30|main|2026-07-19 12:43:03.432 CDT|SSLContextImpl.java:388|Ignore disabled cipher suite: TLS_ECDH_ECDSA_WITH_AES_256_CBC_SHA
javax.net.ssl|TRACE|30|main|2026-07-19 12:43:03.432 CDT|SSLContextImpl.java:397|Ignore unsupported cipher suite: TLS_ECDH_ECDSA_WITH_AES_256_CBC_SHA
javax.net.ssl|DEBUG|30|main|2026-07-19 12:43:03.432 CDT|SSLContextImpl.java:388|Ignore disabled cipher suite: TLS_ECDH_RSA_WITH_AES_256_CBC_SHA
javax.net.ssl|TRACE|30|main|2026-07-19 12:43:03.432 CDT|SSLContextImpl.java:397|Ignore unsupported cipher suite: TLS_ECDH_RSA_WITH_AES_256_CBC_SHA
javax.net.ssl|DEBUG|30|main|2026-07-19 12:43:03.432 CDT|SSLContextImpl.java:388|Ignore disabled cipher suite: TLS_ECDH_ECDSA_WITH_AES_128_CBC_SHA
javax.net.ssl|TRACE|30|main|2026-07-19 12:43:03.432 CDT|SSLContextImpl.java:397|Ignore unsupported cipher suite: TLS_ECDH_ECDSA_WITH_AES_128_CBC_SHA
javax.net.ssl|DEBUG|30|main|2026-07-19 12:43:03.432 CDT|SSLContextImpl.java:388|Ignore disabled cipher suite: TLS_ECDH_RSA_WITH_AES_128_CBC_SHA
javax.net.ssl|TRACE|30|main|2026-07-19 12:43:03.432 CDT|SSLContextImpl.java:397|Ignore unsupported cipher suite: TLS_ECDH_RSA_WITH_AES_128_CBC_SHA
javax.net.ssl|DEBUG|30|main|2026-07-19 12:43:03.432 CDT|SSLContextImpl.java:388|Ignore disabled cipher suite: TLS_RSA_WITH_AES_256_GCM_SHA384
javax.net.ssl|TRACE|30|main|2026-07-19 12:43:03.432 CDT|SSLContextImpl.java:397|Ignore unsupported cipher suite: TLS_RSA_WITH_AES_256_GCM_SHA384
javax.net.ssl|DEBUG|30|main|2026-07-19 12:43:03.432 CDT|SSLContextImpl.java:388|Ignore disabled cipher suite: TLS_RSA_WITH_AES_128_GCM_SHA256
javax.net.ssl|TRACE|30|main|2026-07-19 12:43:03.432 CDT|SSLContextImpl.java:397|Ignore unsupported cipher suite: TLS_RSA_WITH_AES_128_GCM_SHA256
javax.net.ssl|DEBUG|30|main|2026-07-19 12:43:03.433 CDT|SSLContextImpl.java:388|Ignore disabled cipher suite: TLS_RSA_WITH_AES_256_CBC_SHA256
javax.net.ssl|TRACE|30|main|2026-07-19 12:43:03.433 CDT|SSLContextImpl.java:397|Ignore unsupported cipher suite: TLS_RSA_WITH_AES_256_CBC_SHA256
javax.net.ssl|DEBUG|30|main|2026-07-19 12:43:03.433 CDT|SSLContextImpl.java:388|Ignore disabled cipher suite: TLS_RSA_WITH_AES_128_CBC_SHA256
javax.net.ssl|TRACE|30|main|2026-07-19 12:43:03.433 CDT|SSLContextImpl.java:397|Ignore unsupported cipher suite: TLS_RSA_WITH_AES_128_CBC_SHA256
javax.net.ssl|DEBUG|30|main|2026-07-19 12:43:03.433 CDT|SSLContextImpl.java:388|Ignore disabled cipher suite: TLS_RSA_WITH_AES_256_CBC_SHA
javax.net.ssl|TRACE|30|main|2026-07-19 12:43:03.433 CDT|SSLContextImpl.java:397|Ignore unsupported cipher suite: TLS_RSA_WITH_AES_256_CBC_SHA
javax.net.ssl|DEBUG|30|main|2026-07-19 12:43:03.433 CDT|SSLContextImpl.java:388|Ignore disabled cipher suite: TLS_RSA_WITH_AES_128_CBC_SHA
javax.net.ssl|TRACE|30|main|2026-07-19 12:43:03.433 CDT|SSLContextImpl.java:397|Ignore unsupported cipher suite: TLS_RSA_WITH_AES_128_CBC_SHA
javax.net.ssl|DEBUG|30|main|2026-07-19 12:43:03.433 CDT|SSLContextImpl.java:388|Ignore disabled cipher suite: TLS_ECDH_ECDSA_WITH_AES_256_GCM_SHA384
javax.net.ssl|TRACE|30|main|2026-07-19 12:43:03.433 CDT|SSLContextImpl.java:397|Ignore unsupported cipher suite: TLS_ECDH_ECDSA_WITH_AES_256_GCM_SHA384
javax.net.ssl|DEBUG|30|main|2026-07-19 12:43:03.433 CDT|SSLContextImpl.java:388|Ignore disabled cipher suite: TLS_ECDH_RSA_WITH_AES_256_GCM_SHA384
javax.net.ssl|TRACE|30|main|2026-07-19 12:43:03.433 CDT|SSLContextImpl.java:397|Ignore unsupported cipher suite: TLS_ECDH_RSA_WITH_AES_256_GCM_SHA384
javax.net.ssl|DEBUG|30|main|2026-07-19 12:43:03.433 CDT|SSLContextImpl.java:388|Ignore disabled cipher suite: TLS_ECDH_ECDSA_WITH_AES_128_GCM_SHA256
javax.net.ssl|TRACE|30|main|2026-07-19 12:43:03.433 CDT|SSLContextImpl.java:397|Ignore unsupported cipher suite: TLS_ECDH_ECDSA_WITH_AES_128_GCM_SHA256
javax.net.ssl|DEBUG|30|main|2026-07-19 12:43:03.433 CDT|SSLContextImpl.java:388|Ignore disabled cipher suite: TLS_ECDH_RSA_WITH_AES_128_GCM_SHA256
javax.net.ssl|TRACE|30|main|2026-07-19 12:43:03.433 CDT|SSLContextImpl.java:397|Ignore unsupported cipher suite: TLS_ECDH_RSA_WITH_AES_128_GCM_SHA256
javax.net.ssl|DEBUG|30|main|2026-07-19 12:43:03.433 CDT|SSLContextImpl.java:388|Ignore disabled cipher suite: TLS_ECDH_ECDSA_WITH_AES_256_CBC_SHA384
javax.net.ssl|TRACE|30|main|2026-07-19 12:43:03.433 CDT|SSLContextImpl.java:397|Ignore unsupported cipher suite: TLS_ECDH_ECDSA_WITH_AES_256_CBC_SHA384
javax.net.ssl|DEBUG|30|main|2026-07-19 12:43:03.433 CDT|SSLContextImpl.java:388|Ignore disabled cipher suite: TLS_ECDH_RSA_WITH_AES_256_CBC_SHA384
javax.net.ssl|TRACE|30|main|2026-07-19 12:43:03.434 CDT|SSLContextImpl.java:397|Ignore unsupported cipher suite: TLS_ECDH_RSA_WITH_AES_256_CBC_SHA384
javax.net.ssl|DEBUG|30|main|2026-07-19 12:43:03.434 CDT|SSLContextImpl.java:388|Ignore disabled cipher suite: TLS_ECDH_ECDSA_WITH_AES_128_CBC_SHA256
javax.net.ssl|TRACE|30|main|2026-07-19 12:43:03.434 CDT|SSLContextImpl.java:397|Ignore unsupported cipher suite: TLS_ECDH_ECDSA_WITH_AES_128_CBC_SHA256
javax.net.ssl|DEBUG|30|main|2026-07-19 12:43:03.434 CDT|SSLContextImpl.java:388|Ignore disabled cipher suite: TLS_ECDH_RSA_WITH_AES_128_CBC_SHA256
javax.net.ssl|TRACE|30|main|2026-07-19 12:43:03.434 CDT|SSLContextImpl.java:397|Ignore unsupported cipher suite: TLS_ECDH_RSA_WITH_AES_128_CBC_SHA256
javax.net.ssl|DEBUG|30|main|2026-07-19 12:43:03.434 CDT|SSLContextImpl.java:388|Ignore disabled cipher suite: TLS_ECDH_ECDSA_WITH_AES_256_CBC_SHA
javax.net.ssl|TRACE|30|main|2026-07-19 12:43:03.434 CDT|SSLContextImpl.java:397|Ignore unsupported cipher suite: TLS_ECDH_ECDSA_WITH_AES_256_CBC_SHA
javax.net.ssl|DEBUG|30|main|2026-07-19 12:43:03.434 CDT|SSLContextImpl.java:388|Ignore disabled cipher suite: TLS_ECDH_RSA_WITH_AES_256_CBC_SHA
javax.net.ssl|TRACE|30|main|2026-07-19 12:43:03.434 CDT|SSLContextImpl.java:397|Ignore unsupported cipher suite: TLS_ECDH_RSA_WITH_AES_256_CBC_SHA
javax.net.ssl|DEBUG|30|main|2026-07-19 12:43:03.434 CDT|SSLContextImpl.java:388|Ignore disabled cipher suite: TLS_ECDH_ECDSA_WITH_AES_128_CBC_SHA
javax.net.ssl|TRACE|30|main|2026-07-19 12:43:03.434 CDT|SSLContextImpl.java:397|Ignore unsupported cipher suite: TLS_ECDH_ECDSA_WITH_AES_128_CBC_SHA
javax.net.ssl|DEBUG|30|main|2026-07-19 12:43:03.434 CDT|SSLContextImpl.java:388|Ignore disabled cipher suite: TLS_ECDH_RSA_WITH_AES_128_CBC_SHA
javax.net.ssl|TRACE|30|main|2026-07-19 12:43:03.434 CDT|SSLContextImpl.java:397|Ignore unsupported cipher suite: TLS_ECDH_RSA_WITH_AES_128_CBC_SHA
javax.net.ssl|DEBUG|30|main|2026-07-19 12:43:03.434 CDT|SSLContextImpl.java:388|Ignore disabled cipher suite: TLS_RSA_WITH_AES_256_GCM_SHA384
javax.net.ssl|TRACE|30|main|2026-07-19 12:43:03.434 CDT|SSLContextImpl.java:397|Ignore unsupported cipher suite: TLS_RSA_WITH_AES_256_GCM_SHA384
javax.net.ssl|DEBUG|30|main|2026-07-19 12:43:03.434 CDT|SSLContextImpl.java:388|Ignore disabled cipher suite: TLS_RSA_WITH_AES_128_GCM_SHA256
javax.net.ssl|TRACE|30|main|2026-07-19 12:43:03.434 CDT|SSLContextImpl.java:397|Ignore unsupported cipher suite: TLS_RSA_WITH_AES_128_GCM_SHA256
javax.net.ssl|DEBUG|30|main|2026-07-19 12:43:03.434 CDT|SSLContextImpl.java:388|Ignore disabled cipher suite: TLS_RSA_WITH_AES_256_CBC_SHA256
javax.net.ssl|TRACE|30|main|2026-07-19 12:43:03.434 CDT|SSLContextImpl.java:397|Ignore unsupported cipher suite: TLS_RSA_WITH_AES_256_CBC_SHA256
javax.net.ssl|DEBUG|30|main|2026-07-19 12:43:03.434 CDT|SSLContextImpl.java:388|Ignore disabled cipher suite: TLS_RSA_WITH_AES_128_CBC_SHA256
javax.net.ssl|TRACE|30|main|2026-07-19 12:43:03.434 CDT|SSLContextImpl.java:397|Ignore unsupported cipher suite: TLS_RSA_WITH_AES_128_CBC_SHA256
javax.net.ssl|DEBUG|30|main|2026-07-19 12:43:03.434 CDT|SSLContextImpl.java:388|Ignore disabled cipher suite: TLS_RSA_WITH_AES_256_CBC_SHA
javax.net.ssl|TRACE|30|main|2026-07-19 12:43:03.434 CDT|SSLContextImpl.java:397|Ignore unsupported cipher suite: TLS_RSA_WITH_AES_256_CBC_SHA
javax.net.ssl|DEBUG|30|main|2026-07-19 12:43:03.435 CDT|SSLContextImpl.java:388|Ignore disabled cipher suite: TLS_RSA_WITH_AES_128_CBC_SHA
javax.net.ssl|TRACE|30|main|2026-07-19 12:43:03.435 CDT|SSLContextImpl.java:397|Ignore unsupported cipher suite: TLS_RSA_WITH_AES_128_CBC_SHA
javax.net.ssl|DEBUG|30|main|2026-07-19 12:43:03.435 CDT|SSLContextImpl.java:388|Ignore disabled cipher suite: TLS_ECDH_ECDSA_WITH_AES_256_GCM_SHA384
javax.net.ssl|TRACE|30|main|2026-07-19 12:43:03.435 CDT|SSLContextImpl.java:397|Ignore unsupported cipher suite: TLS_ECDH_ECDSA_WITH_AES_256_GCM_SHA384
javax.net.ssl|DEBUG|30|main|2026-07-19 12:43:03.435 CDT|SSLContextImpl.java:388|Ignore disabled cipher suite: TLS_ECDH_RSA_WITH_AES_256_GCM_SHA384
javax.net.ssl|TRACE|30|main|2026-07-19 12:43:03.435 CDT|SSLContextImpl.java:397|Ignore unsupported cipher suite: TLS_ECDH_RSA_WITH_AES_256_GCM_SHA384
javax.net.ssl|DEBUG|30|main|2026-07-19 12:43:03.435 CDT|SSLContextImpl.java:388|Ignore disabled cipher suite: TLS_ECDH_ECDSA_WITH_AES_128_GCM_SHA256
javax.net.ssl|TRACE|30|main|2026-07-19 12:43:03.435 CDT|SSLContextImpl.java:397|Ignore unsupported cipher suite: TLS_ECDH_ECDSA_WITH_AES_128_GCM_SHA256
javax.net.ssl|DEBUG|30|main|2026-07-19 12:43:03.435 CDT|SSLContextImpl.java:388|Ignore disabled cipher suite: TLS_ECDH_RSA_WITH_AES_128_GCM_SHA256
javax.net.ssl|TRACE|30|main|2026-07-19 12:43:03.435 CDT|SSLContextImpl.java:397|Ignore unsupported cipher suite: TLS_ECDH_RSA_WITH_AES_128_GCM_SHA256
javax.net.ssl|DEBUG|30|main|2026-07-19 12:43:03.435 CDT|SSLContextImpl.java:388|Ignore disabled cipher suite: TLS_ECDH_ECDSA_WITH_AES_256_CBC_SHA384
javax.net.ssl|TRACE|30|main|2026-07-19 12:43:03.435 CDT|SSLContextImpl.java:397|Ignore unsupported cipher suite: TLS_ECDH_ECDSA_WITH_AES_256_CBC_SHA384
javax.net.ssl|DEBUG|30|main|2026-07-19 12:43:03.435 CDT|SSLContextImpl.java:388|Ignore disabled cipher suite: TLS_ECDH_RSA_WITH_AES_256_CBC_SHA384
javax.net.ssl|TRACE|30|main|2026-07-19 12:43:03.435 CDT|SSLContextImpl.java:397|Ignore unsupported cipher suite: TLS_ECDH_RSA_WITH_AES_256_CBC_SHA384
javax.net.ssl|DEBUG|30|main|2026-07-19 12:43:03.435 CDT|SSLContextImpl.java:388|Ignore disabled cipher suite: TLS_ECDH_ECDSA_WITH_AES_128_CBC_SHA256
javax.net.ssl|TRACE|30|main|2026-07-19 12:43:03.435 CDT|SSLContextImpl.java:397|Ignore unsupported cipher suite: TLS_ECDH_ECDSA_WITH_AES_128_CBC_SHA256
javax.net.ssl|DEBUG|30|main|2026-07-19 12:43:03.435 CDT|SSLContextImpl.java:388|Ignore disabled cipher suite: TLS_ECDH_RSA_WITH_AES_128_CBC_SHA256
javax.net.ssl|TRACE|30|main|2026-07-19 12:43:03.435 CDT|SSLContextImpl.java:397|Ignore unsupported cipher suite: TLS_ECDH_RSA_WITH_AES_128_CBC_SHA256
javax.net.ssl|DEBUG|30|main|2026-07-19 12:43:03.435 CDT|SSLContextImpl.java:388|Ignore disabled cipher suite: TLS_ECDH_ECDSA_WITH_AES_256_CBC_SHA
javax.net.ssl|TRACE|30|main|2026-07-19 12:43:03.435 CDT|SSLContextImpl.java:397|Ignore unsupported cipher suite: TLS_ECDH_ECDSA_WITH_AES_256_CBC_SHA
javax.net.ssl|DEBUG|30|main|2026-07-19 12:43:03.435 CDT|SSLContextImpl.java:388|Ignore disabled cipher suite: TLS_ECDH_RSA_WITH_AES_256_CBC_SHA
javax.net.ssl|TRACE|30|main|2026-07-19 12:43:03.435 CDT|SSLContextImpl.java:397|Ignore unsupported cipher suite: TLS_ECDH_RSA_WITH_AES_256_CBC_SHA
javax.net.ssl|DEBUG|30|main|2026-07-19 12:43:03.435 CDT|SSLContextImpl.java:388|Ignore disabled cipher suite: TLS_ECDH_ECDSA_WITH_AES_128_CBC_SHA
javax.net.ssl|TRACE|30|main|2026-07-19 12:43:03.435 CDT|SSLContextImpl.java:397|Ignore unsupported cipher suite: TLS_ECDH_ECDSA_WITH_AES_128_CBC_SHA
javax.net.ssl|DEBUG|30|main|2026-07-19 12:43:03.435 CDT|SSLContextImpl.java:388|Ignore disabled cipher suite: TLS_ECDH_RSA_WITH_AES_128_CBC_SHA
javax.net.ssl|TRACE|30|main|2026-07-19 12:43:03.435 CDT|SSLContextImpl.java:397|Ignore unsupported cipher suite: TLS_ECDH_RSA_WITH_AES_128_CBC_SHA
javax.net.ssl|DEBUG|30|main|2026-07-19 12:43:03.436 CDT|SSLContextImpl.java:388|Ignore disabled cipher suite: TLS_RSA_WITH_AES_256_GCM_SHA384
javax.net.ssl|TRACE|30|main|2026-07-19 12:43:03.436 CDT|SSLContextImpl.java:397|Ignore unsupported cipher suite: TLS_RSA_WITH_AES_256_GCM_SHA384
javax.net.ssl|DEBUG|30|main|2026-07-19 12:43:03.436 CDT|SSLContextImpl.java:388|Ignore disabled cipher suite: TLS_RSA_WITH_AES_128_GCM_SHA256
javax.net.ssl|TRACE|30|main|2026-07-19 12:43:03.436 CDT|SSLContextImpl.java:397|Ignore unsupported cipher suite: TLS_RSA_WITH_AES_128_GCM_SHA256
javax.net.ssl|DEBUG|30|main|2026-07-19 12:43:03.436 CDT|SSLContextImpl.java:388|Ignore disabled cipher suite: TLS_RSA_WITH_AES_256_CBC_SHA256
javax.net.ssl|TRACE|30|main|2026-07-19 12:43:03.436 CDT|SSLContextImpl.java:397|Ignore unsupported cipher suite: TLS_RSA_WITH_AES_256_CBC_SHA256
javax.net.ssl|DEBUG|30|main|2026-07-19 12:43:03.436 CDT|SSLContextImpl.java:388|Ignore disabled cipher suite: TLS_RSA_WITH_AES_128_CBC_SHA256
javax.net.ssl|TRACE|30|main|2026-07-19 12:43:03.436 CDT|SSLContextImpl.java:397|Ignore unsupported cipher suite: TLS_RSA_WITH_AES_128_CBC_SHA256
javax.net.ssl|DEBUG|30|main|2026-07-19 12:43:03.436 CDT|SSLContextImpl.java:388|Ignore disabled cipher suite: TLS_RSA_WITH_AES_256_CBC_SHA
javax.net.ssl|TRACE|30|main|2026-07-19 12:43:03.436 CDT|SSLContextImpl.java:397|Ignore unsupported cipher suite: TLS_RSA_WITH_AES_256_CBC_SHA
javax.net.ssl|DEBUG|30|main|2026-07-19 12:43:03.436 CDT|SSLContextImpl.java:388|Ignore disabled cipher suite: TLS_RSA_WITH_AES_128_CBC_SHA
javax.net.ssl|TRACE|30|main|2026-07-19 12:43:03.436 CDT|SSLContextImpl.java:397|Ignore unsupported cipher suite: TLS_RSA_WITH_AES_128_CBC_SHA
javax.net.ssl|TRACE|30|main|2026-07-19 12:43:03.438 CDT|SSLContextImpl.java:108|trigger seeding of SecureRandom
javax.net.ssl|TRACE|30|main|2026-07-19 12:43:03.438 CDT|SSLContextImpl.java:112|done seeding of SecureRandom
javax.net.ssl|DEBUG|30|main|2026-07-19 12:43:03.445 CDT|SSLConfiguration.java:591|System property jdk.tls.client.SignatureSchemes is set to 'null'
javax.net.ssl|TRACE|30|main|2026-07-19 12:43:03.902 CDT|HandshakeContext.java:339|Ignore unsupported cipher suite: TLS_ECDHE_ECDSA_WITH_AES_256_GCM_SHA384
javax.net.ssl|TRACE|30|main|2026-07-19 12:43:03.903 CDT|HandshakeContext.java:339|Ignore unsupported cipher suite: TLS_ECDHE_ECDSA_WITH_AES_128_GCM_SHA256
javax.net.ssl|TRACE|30|main|2026-07-19 12:43:03.903 CDT|HandshakeContext.java:339|Ignore unsupported cipher suite: TLS_ECDHE_ECDSA_WITH_CHACHA20_POLY1305_SHA256
javax.net.ssl|TRACE|30|main|2026-07-19 12:43:03.903 CDT|HandshakeContext.java:339|Ignore unsupported cipher suite: TLS_ECDHE_RSA_WITH_AES_256_GCM_SHA384
javax.net.ssl|TRACE|30|main|2026-07-19 12:43:03.903 CDT|HandshakeContext.java:339|Ignore unsupported cipher suite: TLS_ECDHE_RSA_WITH_CHACHA20_POLY1305_SHA256
javax.net.ssl|TRACE|30|main|2026-07-19 12:43:03.903 CDT|HandshakeContext.java:339|Ignore unsupported cipher suite: TLS_ECDHE_RSA_WITH_AES_128_GCM_SHA256
javax.net.ssl|TRACE|30|main|2026-07-19 12:43:03.903 CDT|HandshakeContext.java:339|Ignore unsupported cipher suite: TLS_DHE_RSA_WITH_AES_256_GCM_SHA384
javax.net.ssl|TRACE|30|main|2026-07-19 12:43:03.903 CDT|HandshakeContext.java:339|Ignore unsupported cipher suite: TLS_DHE_RSA_WITH_CHACHA20_POLY1305_SHA256
javax.net.ssl|TRACE|30|main|2026-07-19 12:43:03.903 CDT|HandshakeContext.java:339|Ignore unsupported cipher suite: TLS_DHE_DSS_WITH_AES_256_GCM_SHA384
javax.net.ssl|TRACE|30|main|2026-07-19 12:43:03.903 CDT|HandshakeContext.java:339|Ignore unsupported cipher suite: TLS_DHE_RSA_WITH_AES_128_GCM_SHA256
javax.net.ssl|TRACE|30|main|2026-07-19 12:43:03.903 CDT|HandshakeContext.java:339|Ignore unsupported cipher suite: TLS_DHE_DSS_WITH_AES_128_GCM_SHA256
javax.net.ssl|TRACE|30|main|2026-07-19 12:43:03.903 CDT|HandshakeContext.java:339|Ignore unsupported cipher suite: TLS_ECDHE_ECDSA_WITH_AES_256_CBC_SHA384
javax.net.ssl|TRACE|30|main|2026-07-19 12:43:03.903 CDT|HandshakeContext.java:339|Ignore unsupported cipher suite: TLS_ECDHE_RSA_WITH_AES_256_CBC_SHA384
javax.net.ssl|TRACE|30|main|2026-07-19 12:43:03.903 CDT|HandshakeContext.java:339|Ignore unsupported cipher suite: TLS_ECDHE_ECDSA_WITH_AES_128_CBC_SHA256
javax.net.ssl|TRACE|30|main|2026-07-19 12:43:03.903 CDT|HandshakeContext.java:339|Ignore unsupported cipher suite: TLS_ECDHE_RSA_WITH_AES_128_CBC_SHA256
javax.net.ssl|TRACE|30|main|2026-07-19 12:43:03.903 CDT|HandshakeContext.java:339|Ignore unsupported cipher suite: TLS_DHE_RSA_WITH_AES_256_CBC_SHA256
javax.net.ssl|TRACE|30|main|2026-07-19 12:43:03.904 CDT|HandshakeContext.java:339|Ignore unsupported cipher suite: TLS_DHE_DSS_WITH_AES_256_CBC_SHA256
javax.net.ssl|TRACE|30|main|2026-07-19 12:43:03.904 CDT|HandshakeContext.java:339|Ignore unsupported cipher suite: TLS_DHE_RSA_WITH_AES_128_CBC_SHA256
javax.net.ssl|TRACE|30|main|2026-07-19 12:43:03.904 CDT|HandshakeContext.java:339|Ignore unsupported cipher suite: TLS_DHE_DSS_WITH_AES_128_CBC_SHA256
javax.net.ssl|TRACE|30|main|2026-07-19 12:43:03.904 CDT|HandshakeContext.java:339|Ignore unsupported cipher suite: TLS_ECDHE_ECDSA_WITH_AES_256_CBC_SHA
javax.net.ssl|TRACE|30|main|2026-07-19 12:43:03.904 CDT|HandshakeContext.java:339|Ignore unsupported cipher suite: TLS_ECDHE_RSA_WITH_AES_256_CBC_SHA
javax.net.ssl|TRACE|30|main|2026-07-19 12:43:03.904 CDT|HandshakeContext.java:339|Ignore unsupported cipher suite: TLS_ECDHE_ECDSA_WITH_AES_128_CBC_SHA
javax.net.ssl|TRACE|30|main|2026-07-19 12:43:03.904 CDT|HandshakeContext.java:339|Ignore unsupported cipher suite: TLS_ECDHE_RSA_WITH_AES_128_CBC_SHA
javax.net.ssl|TRACE|30|main|2026-07-19 12:43:03.904 CDT|HandshakeContext.java:339|Ignore unsupported cipher suite: TLS_DHE_RSA_WITH_AES_256_CBC_SHA
javax.net.ssl|TRACE|30|main|2026-07-19 12:43:03.904 CDT|HandshakeContext.java:339|Ignore unsupported cipher suite: TLS_DHE_DSS_WITH_AES_256_CBC_SHA
javax.net.ssl|TRACE|30|main|2026-07-19 12:43:03.904 CDT|HandshakeContext.java:339|Ignore unsupported cipher suite: TLS_DHE_RSA_WITH_AES_128_CBC_SHA
javax.net.ssl|TRACE|30|main|2026-07-19 12:43:03.904 CDT|HandshakeContext.java:339|Ignore unsupported cipher suite: TLS_DHE_DSS_WITH_AES_128_CBC_SHA
javax.net.ssl|TRACE|30|main|2026-07-19 12:43:03.904 CDT|HandshakeContext.java:339|Ignore unsupported cipher suite: TLS_EMPTY_RENEGOTIATION_INFO_SCSV
javax.net.ssl|DEBUG|30|main|2026-07-19 12:43:03.911 CDT|SSLExtension.java:849|System property jdk.tls.client.disableExtensions is set to 'null'
javax.net.ssl|DEBUG|30|main|2026-07-19 12:43:03.912 CDT|SupportedGroupsExtension.java:181|Ignore unspecified named group: MLKEM768
javax.net.ssl|INFO|30|main|2026-07-19 12:43:03.912 CDT|AlpnExtension.java:174|No available application protocols
javax.net.ssl|DEBUG|30|main|2026-07-19 12:43:03.912 CDT|SSLExtensions.java:272|Ignore, context unavailable extension: application_layer_protocol_negotiation
javax.net.ssl|TRACE|30|main|2026-07-19 12:43:03.912 CDT|SignatureScheme.java:461|Ignore inactive signature scheme: rsa_pkcs1_sha256
javax.net.ssl|TRACE|30|main|2026-07-19 12:43:03.912 CDT|SignatureScheme.java:461|Ignore inactive signature scheme: rsa_pkcs1_sha384
javax.net.ssl|TRACE|30|main|2026-07-19 12:43:03.912 CDT|SignatureScheme.java:461|Ignore inactive signature scheme: rsa_pkcs1_sha512
javax.net.ssl|TRACE|30|main|2026-07-19 12:43:03.912 CDT|SignatureScheme.java:461|Ignore inactive signature scheme: dsa_sha256
javax.net.ssl|TRACE|30|main|2026-07-19 12:43:03.912 CDT|SignatureScheme.java:461|Ignore inactive signature scheme: ecdsa_sha224
javax.net.ssl|TRACE|30|main|2026-07-19 12:43:03.912 CDT|SignatureScheme.java:461|Ignore inactive signature scheme: rsa_sha224
javax.net.ssl|TRACE|30|main|2026-07-19 12:43:03.912 CDT|SignatureScheme.java:461|Ignore inactive signature scheme: dsa_sha224
javax.net.ssl|TRACE|30|main|2026-07-19 12:43:03.912 CDT|SignatureScheme.java:461|Ignore inactive signature scheme: ecdsa_sha1
javax.net.ssl|TRACE|30|main|2026-07-19 12:43:03.913 CDT|SignatureScheme.java:461|Ignore inactive signature scheme: rsa_pkcs1_sha1
javax.net.ssl|TRACE|30|main|2026-07-19 12:43:03.913 CDT|SignatureScheme.java:461|Ignore inactive signature scheme: dsa_sha1
javax.net.ssl|TRACE|30|main|2026-07-19 12:43:03.913 CDT|SignatureScheme.java:461|Ignore inactive signature scheme: dsa_sha256
javax.net.ssl|TRACE|30|main|2026-07-19 12:43:03.913 CDT|SignatureScheme.java:461|Ignore inactive signature scheme: ecdsa_sha224
javax.net.ssl|TRACE|30|main|2026-07-19 12:43:03.913 CDT|SignatureScheme.java:461|Ignore inactive signature scheme: rsa_sha224
javax.net.ssl|TRACE|30|main|2026-07-19 12:43:03.913 CDT|SignatureScheme.java:461|Ignore inactive signature scheme: dsa_sha224
javax.net.ssl|TRACE|30|main|2026-07-19 12:43:03.913 CDT|SignatureScheme.java:461|Ignore inactive signature scheme: dsa_sha1
javax.net.ssl|DEBUG|30|main|2026-07-19 12:43:03.913 CDT|SSLExtensions.java:272|Ignore, context unavailable extension: cookie
javax.net.ssl|DEBUG|30|main|2026-07-19 12:43:03.919 CDT|SSLExtensions.java:272|Ignore, context unavailable extension: quic_transport_parameters
javax.net.ssl|DEBUG|30|main|2026-07-19 12:43:03.919 CDT|PreSharedKeyExtension.java:657|No session to resume.
javax.net.ssl|DEBUG|30|main|2026-07-19 12:43:03.919 CDT|SSLExtensions.java:272|Ignore, context unavailable extension: pre_shared_key
javax.net.ssl|DEBUG|30|main|2026-07-19 12:43:03.924 CDT|ClientHello.java:638|Produced ClientHello handshake message (
"ClientHello": {
  "client version"      : "TLSv1.2",
  "random"              : "886818634675365DC5B22D9763D97DB9A51123EAD508F9FA1AB407FE65E46C42",
  "session id"          : "EA8C1D2850DED02EE7E6C7C13C4EE66D4DB9DCAE27C7B58CA6B8EA5844B9C444",
  "cipher suites"       : "[TLS_AES_256_GCM_SHA384(0x1302), TLS_AES_128_GCM_SHA256(0x1301), TLS_CHACHA20_POLY1305_SHA256(0x1303)]",
  "compression methods" : "00",
  "extensions"          : [
    "server_name (0)": {
      type=host_name (0), value=pq.cloudflareresearch.com
    },
    "status_request (5)": {
      "certificate status type": ocsp
      "OCSP status request": {
        "responder_id": <empty>
        "request extensions": {
          <empty>
        }
      }
    },
    "supported_groups (10)": {
      "named groups": [x25519]
    },
    "signature_algorithms (13)": {
      "signature schemes": [ecdsa_secp256r1_sha256, ecdsa_secp384r1_sha384, ecdsa_secp521r1_sha512, ed25519, ed448, rsa_pss_rsae_sha256, rsa_pss_rsae_sha384, rsa_pss_rsae_sha512, rsa_pss_pss_sha256, rsa_pss_pss_sha384, rsa_pss_pss_sha512]
    },
    "supported_versions (43)": {
      "versions": [TLSv1.3]
    },
    "psk_key_exchange_modes (45)": {
      "ke_modes": [psk_dhe_ke]
    },
    "signature_algorithms_cert (50)": {
      "signature schemes": [ecdsa_secp256r1_sha256, ecdsa_secp384r1_sha384, ecdsa_secp521r1_sha512, ed25519, ed448, rsa_pss_rsae_sha256, rsa_pss_rsae_sha384, rsa_pss_rsae_sha512, rsa_pss_pss_sha256, rsa_pss_pss_sha384, rsa_pss_pss_sha512, rsa_pkcs1_sha256, rsa_pkcs1_sha384, rsa_pkcs1_sha512, ecdsa_sha1, rsa_pkcs1_sha1]
    },
    "key_share (51)": {
      "client_shares": [  
        {
          "named group": x25519
          "key_exchange": {
            0000: FC AB 05 52 C2 2A 26 9F   37 DE DF E1 5D BA B4 6D  ...R.*&.7...]..m
            0010: 51 67 47 88 F4 F2 15 E7   32 21 B3 8D F3 28 0D 1D  QgG.....2!...(..
          }
        },
      ]
    }
  ]
}
)
javax.net.ssl|DEBUG|30|main|2026-07-19 12:43:03.925 CDT|SSLSocketOutputRecord.java:261|WRITE: TLSv1.3 handshake, length = 255
javax.net.ssl|DEBUG|30|main|2026-07-19 12:43:04.092 CDT|SSLSocketInputRecord.java:214|READ: TLSv1.2 handshake, length = 122
javax.net.ssl|DEBUG|30|main|2026-07-19 12:43:04.093 CDT|SSLSocketInputRecord.java:247|READ: TLSv1.2 handshake, length = 122
javax.net.ssl|DEBUG|30|main|2026-07-19 12:43:04.097 CDT|ServerHello.java:890|Consuming ServerHello handshake message (
"ServerHello": {
  "server version"      : "TLSv1.2",
  "random"              : "A81C07EDF1D79FA05151258EE8DA60E82FBCCEA6782F064B58F85FA3EDC2E7FA",
  "session id"          : "EA8C1D2850DED02EE7E6C7C13C4EE66D4DB9DCAE27C7B58CA6B8EA5844B9C444",
  "cipher suite"        : "TLS_AES_256_GCM_SHA384(0x1302)",
  "compression methods" : "00",
  "extensions"          : [
    "key_share (51)": {
      "server_share": {
        "named group": x25519
        "key_exchange": {
          0000: CB 0D 2C 66 9A 80 D8 8E   CE 72 03 33 13 D3 18 D4  ..,f.....r.3....
          0010: E9 56 F5 05 E5 E9 9B B3   47 6A 3F A2 F6 6F 1A 41  .V......Gj?..o.A
        }
      },
    },
    "supported_versions (43)": {
      "selected version": [TLSv1.3]
    }
  ]
}
)
javax.net.ssl|DEBUG|30|main|2026-07-19 12:43:04.098 CDT|SSLExtensions.java:204|Consumed extension: supported_versions
javax.net.ssl|DEBUG|30|main|2026-07-19 12:43:04.098 CDT|ServerHello.java:990|Negotiated protocol version: TLSv1.3
javax.net.ssl|DEBUG|30|main|2026-07-19 12:43:04.099 CDT|SSLExtensions.java:204|Consumed extension: supported_versions
javax.net.ssl|DEBUG|30|main|2026-07-19 12:43:04.108 CDT|SSLExtensions.java:204|Consumed extension: key_share
javax.net.ssl|DEBUG|30|main|2026-07-19 12:43:04.109 CDT|PreSharedKeyExtension.java:929|Handling pre_shared_key absence.
javax.net.ssl|TRACE|30|main|2026-07-19 12:43:04.109 CDT|SSLSessionImpl.java:227|Session initialized:  Session(1784482984109|TLS_AES_256_GCM_SHA384)
javax.net.ssl|WARNING|30|main|2026-07-19 12:43:04.109 CDT|SSLExtensions.java:227|Ignore impact of unsupported extension: supported_versions
javax.net.ssl|WARNING|30|main|2026-07-19 12:43:04.110 CDT|SSLExtensions.java:227|Ignore impact of unsupported extension: key_share
javax.net.ssl|DEBUG|30|main|2026-07-19 12:43:04.110 CDT|SSLExtensions.java:219|Ignore unavailable extension: pre_shared_key
javax.net.ssl|DEBUG|30|main|2026-07-19 12:43:04.117 CDT|SSLCipher.java:1827|KeyLimit read side: algorithm = AES/GCM/NoPadding:KEYUPDATE
countdown value = 137438953472
javax.net.ssl|DEBUG|30|main|2026-07-19 12:43:04.117 CDT|SSLCipher.java:1988|KeyLimit write side: algorithm = AES/GCM/NoPadding:KEYUPDATE
countdown value = 137438953472
javax.net.ssl|DEBUG|30|main|2026-07-19 12:43:04.118 CDT|SSLSocketInputRecord.java:214|READ: TLSv1.2 change_cipher_spec, length = 1
javax.net.ssl|DEBUG|30|main|2026-07-19 12:43:04.118 CDT|SSLSocketInputRecord.java:247|READ: TLSv1.2 change_cipher_spec, length = 1
javax.net.ssl|DEBUG|30|main|2026-07-19 12:43:04.118 CDT|ChangeCipherSpec.java:241|Consuming ChangeCipherSpec message
javax.net.ssl|DEBUG|30|main|2026-07-19 12:43:04.118 CDT|SSLSocketInputRecord.java:214|READ: TLSv1.2 application_data, length = 3016
javax.net.ssl|DEBUG|30|main|2026-07-19 12:43:04.118 CDT|SSLSocketInputRecord.java:247|READ: TLSv1.2 application_data, length = 3016
javax.net.ssl|DEBUG|30|main|2026-07-19 12:43:04.121 CDT|EncryptedExtensions.java:172|Consuming EncryptedExtensions handshake message (
"EncryptedExtensions": [
  "server_name (0)": {
    <empty extension_data field>
  }
]
)
javax.net.ssl|DEBUG|30|main|2026-07-19 12:43:04.121 CDT|SSLExtensions.java:204|Consumed extension: server_name
javax.net.ssl|DEBUG|30|main|2026-07-19 12:43:04.121 CDT|SSLExtensions.java:185|Ignore unavailable extension: max_fragment_length
javax.net.ssl|DEBUG|30|main|2026-07-19 12:43:04.121 CDT|SSLExtensions.java:185|Ignore unavailable extension: supported_groups
javax.net.ssl|WARNING|30|main|2026-07-19 12:43:04.122 CDT|SSLExtensions.java:227|Ignore impact of unsupported extension: server_name
javax.net.ssl|DEBUG|30|main|2026-07-19 12:43:04.122 CDT|SSLExtensions.java:219|Ignore unavailable extension: max_fragment_length
javax.net.ssl|DEBUG|30|main|2026-07-19 12:43:04.122 CDT|SSLExtensions.java:219|Ignore unavailable extension: supported_groups
javax.net.ssl|DEBUG|30|main|2026-07-19 12:43:04.122 CDT|SSLExtensions.java:219|Ignore unavailable extension: application_layer_protocol_negotiation
javax.net.ssl|DEBUG|30|main|2026-07-19 12:43:04.122 CDT|SSLExtensions.java:219|Ignore unavailable extension: quic_transport_parameters
javax.net.ssl|DEBUG|30|main|2026-07-19 12:43:04.142 CDT|CertificateMessage.java:1112|Consuming server Certificate handshake message (
"Certificate": {
  "certificate_request_context": "",
  "certificate_list": [  
  {
    "certificate" : {
      "version"            : "v3",
      "serial number"      : "00:f9:2d:67:ed:e4:53:8a:02:0e:2c:fd:c6:c4:ff:1e:38",
      "signature algorithm": "SHA256withECDSA",
      "issuer"             : "CN=WE1, O=Google Trust Services, C=US",
      "not before"         : "2026-05-29 07:27:23.000 CDT",
      "not  after"         : "2026-08-27 08:24:53.000 CDT",
      "subject"            : "CN=pq.cloudflareresearch.com",
      "subject public key" : "EC",
      "extensions"         : [
        {
          ObjectId: 1.3.6.1.4.1.11129.2.4.2 Criticality=false
        },
        {
          ObjectId: 1.3.6.1.5.5.7.1.1 Criticality=false
          AuthorityInfoAccess [
            [
             accessMethod: ocsp
             accessLocation: URIName: http://o.pki.goog/s/we1/-S0
          , 
             accessMethod: caIssuers
             accessLocation: URIName: http://i.pki.goog/we1.crt
          ]
          ]
        },
        {
          ObjectId: 2.5.29.35 Criticality=false
          AuthorityKeyIdentifier [
          KeyIdentifier [
          0000: 90 77 92 35 67 C4 FF A8   CC A9 E6 7B D9 80 79 7B  .w.5g.........y.
          0010: CC 93 F9 38                                        ...8
          ]
          ]
        },
        {
          ObjectId: 2.5.29.19 Criticality=true
          BasicConstraints:[
            CA:false
            PathLen: undefined
          ]
        },
        {
          ObjectId: 2.5.29.31 Criticality=false
          CRLDistributionPoints [
            [DistributionPoint:
               [URIName: http://c.pki.goog/we1/7b10WPOaClM.crl]
          ]]
        },
        {
          ObjectId: 2.5.29.32 Criticality=false
          CertificatePolicies [
            [CertificatePolicyId: [2.23.140.1.2.1]
          []  ]
          ]
        },
        {
          ObjectId: 2.5.29.37 Criticality=false
          ExtendedKeyUsages [
            serverAuth
          ]
        },
        {
          ObjectId: 2.5.29.15 Criticality=true
          KeyUsage [
            DigitalSignature
          ]
        },
        {
          ObjectId: 2.5.29.17 Criticality=false
          SubjectAlternativeName [
            DNSName: pq.cloudflareresearch.com
            DNSName: *.pq.cloudflareresearch.com
          ]
        },
        {
          ObjectId: 2.5.29.14 Criticality=false
          SubjectKeyIdentifier [
          KeyIdentifier [
          0000: 5F 6A 6A 7F 3A 6F E7 CE   B0 72 1A C6 94 08 B7 71  _jj.:o...r.....q
          0010: EA CC 8D 52                                        ...R
          ]
          ]
        }
      ]}
    "extensions": {
      "status_request (5)": {
        "certificate status response type": ocsp
        "OCSP status response": {
          OCSP Response:
          Response Status: SUCCESSFUL
          Responder ID: byKey: 9077923567C4FFA8CCA9E67BD980797BCC93F938
          Produced at: Sat Jul 18 14:59:01 CDT 2026
          1 response:
          SingleResponse:
          CertId 
          Algorithm: SHA-1
          issuerNameHash 
          0000: B9 BE D5 F1 A6 1E 40 B2   41 96 B0 C2 9E 7E 1A 9D  ......@.A.......
          0010: 8B FC B5 20 
          issuerKeyHash: 
          0000: 90 77 92 35 67 C4 FF A8   CC A9 E6 7B D9 80 79 7B  .w.5g.........y.
          0010: CC 93 F9 38 
          SerialNumber: 00:f9:2d:67:ed:e4:53:8a:02:0e:2c:fd:c6:c4:ff:1e:38
          CertStatus: GOOD
          thisUpdate is Sat Jul 18 14:59:01 CDT 2026
          nextUpdate is Sat Jul 25 13:59:00 CDT 2026
        }
      }
    }
  },
  {
    "certificate" : {
      "version"            : "v3",
      "serial number"      : "7f:f3:19:77:97:2c:22:4a:76:15:5d:13:b6:d6:85:e3",
      "signature algorithm": "SHA384withECDSA",
      "issuer"             : "CN=GTS Root R4, O=Google Trust Services LLC, C=US",
      "not before"         : "2023-12-13 03:00:00.000 CST",
      "not  after"         : "2029-02-20 08:00:00.000 CST",
      "subject"            : "CN=WE1, O=Google Trust Services, C=US",
      "subject public key" : "EC",
      "extensions"         : [
        {
          ObjectId: 1.3.6.1.5.5.7.1.1 Criticality=false
          AuthorityInfoAccess [
            [
             accessMethod: caIssuers
             accessLocation: URIName: http://i.pki.goog/r4.crt
          ]
          ]
        },
        {
          ObjectId: 2.5.29.35 Criticality=false
          AuthorityKeyIdentifier [
          KeyIdentifier [
          0000: 80 4C D6 EB 74 FF 49 36   A3 D5 D8 FC B5 3E C5 6A  .L..t.I6.....>.j
          0010: F0 94 1D 8C                                        ....
          ]
          ]
        },
        {
          ObjectId: 2.5.29.19 Criticality=true
          BasicConstraints:[
            CA:true
            PathLen:0
          ]
        },
        {
          ObjectId: 2.5.29.31 Criticality=false
          CRLDistributionPoints [
            [DistributionPoint:
               [URIName: http://c.pki.goog/r/r4.crl]
          ]]
        },
        {
          ObjectId: 2.5.29.32 Criticality=false
          CertificatePolicies [
            [CertificatePolicyId: [2.23.140.1.2.1]
          []  ]
          ]
        },
        {
          ObjectId: 2.5.29.37 Criticality=false
          ExtendedKeyUsages [
            serverAuth
            clientAuth
          ]
        },
        {
          ObjectId: 2.5.29.15 Criticality=true
          KeyUsage [
            DigitalSignature
            Key_CertSign
            Crl_Sign
          ]
        },
        {
          ObjectId: 2.5.29.14 Criticality=false
          SubjectKeyIdentifier [
          KeyIdentifier [
          0000: 90 77 92 35 67 C4 FF A8   CC A9 E6 7B D9 80 79 7B  .w.5g.........y.
          0010: CC 93 F9 38                                        ...8
          ]
          ]
        }
      ]}
    "extensions": {
      <no extension>
    }
  },
  {
    "certificate" : {
      "version"            : "v3",
      "serial number"      : "7f:e5:30:bf:33:13:43:be:dd:82:16:10:49:3d:8a:1b",
      "signature algorithm": "SHA256withRSA",
      "issuer"             : "CN=GlobalSign Root CA, OU=Root CA, O=GlobalSign nv-sa, C=BE",
      "not before"         : "2023-11-14 21:43:21.000 CST",
      "not  after"         : "2028-01-27 18:00:42.000 CST",
      "subject"            : "CN=GTS Root R4, O=Google Trust Services LLC, C=US",
      "subject public key" : "EC",
      "extensions"         : [
        {
          ObjectId: 1.3.6.1.5.5.7.1.1 Criticality=false
          AuthorityInfoAccess [
            [
             accessMethod: caIssuers
             accessLocation: URIName: http://i.pki.goog/gsr1.crt
          ]
          ]
        },
        {
          ObjectId: 2.5.29.35 Criticality=false
          AuthorityKeyIdentifier [
          KeyIdentifier [
          0000: 60 7B 66 1A 45 0D 97 CA   89 50 2F 7D 04 CD 34 A8  `.f.E....P/...4.
          0010: FF FC FD 4B                                        ...K
          ]
          ]
        },
        {
          ObjectId: 2.5.29.19 Criticality=true
          BasicConstraints:[
            CA:true
            PathLen: no limit
          ]
        },
        {
          ObjectId: 2.5.29.31 Criticality=false
          CRLDistributionPoints [
            [DistributionPoint:
               [URIName: http://c.pki.goog/r/gsr1.crl]
          ]]
        },
        {
          ObjectId: 2.5.29.32 Criticality=false
          CertificatePolicies [
            [CertificatePolicyId: [2.23.140.1.2.1]
          []  ]
          ]
        },
        {
          ObjectId: 2.5.29.37 Criticality=false
          ExtendedKeyUsages [
            serverAuth
            clientAuth
          ]
        },
        {
          ObjectId: 2.5.29.15 Criticality=true
          KeyUsage [
            DigitalSignature
            Key_CertSign
            Crl_Sign
          ]
        },
        {
          ObjectId: 2.5.29.14 Criticality=false
          SubjectKeyIdentifier [
          KeyIdentifier [
          0000: 80 4C D6 EB 74 FF 49 36   A3 D5 D8 FC B5 3E C5 6A  .L..t.I6.....>.j
          0010: F0 94 1D 8C                                        ....
          ]
          ]
        }
      ]}
    "extensions": {
      <no extension>
    }
  },
]
}
)
javax.net.ssl|DEBUG|30|main|2026-07-19 12:43:04.142 CDT|SSLExtensions.java:204|Consumed extension: status_request
javax.net.ssl|DEBUG|30|main|2026-07-19 12:43:04.142 CDT|SSLExtensions.java:185|Ignore unavailable extension: status_request
javax.net.ssl|DEBUG|30|main|2026-07-19 12:43:04.143 CDT|SSLExtensions.java:185|Ignore unavailable extension: status_request
javax.net.ssl|DEBUG|30|main|2026-07-19 12:43:04.164 CDT|CertificateVerify.java:1177|Consuming CertificateVerify handshake message (
"CertificateVerify": {
  "signature algorithm": ecdsa_secp256r1_sha256
  "signature": {
    0000: 30 44 02 20 51 C2 BE FB   8B 19 B4 2F 3F EC D9 D6  0D. Q....../?...
    0010: 2A B5 F6 A0 E5 AA F0 13   4B AF A2 27 48 6A D5 60  *.......K..'Hj.`
    0020: AC 3D 55 5F 02 20 58 90   9D CF E0 0F 20 0A 3E 16  .=U_. X..... .>.
    0030: 46 8A E2 65 7D 56 F0 3D   59 3F CF E8 F3 07 07 C3  F..e.V.=Y?......
    0040: 46 9F F4 B4 A5 58                                  F....X
  }
}
)
javax.net.ssl|DEBUG|30|main|2026-07-19 12:43:04.164 CDT|Finished.java:934|Consuming server Finished handshake message (
"Finished": {
  "verify data": {
    0000: F8 EC E2 7E 49 3C 68 7C   F8 21 C8 3F 9A 4D 93 EE  ....I<h..!.?.M..
    0010: CD 22 5B 0B 97 6C 4E 26   CC 03 6C 87 10 6E 21 03  ."[..lN&..l..n!.
    0020: 4F 6A D6 85 25 1B F7 2D   20 A4 C2 53 D3 65 46 25  Oj..%..- ..S.eF%
  }
}
)
javax.net.ssl|DEBUG|30|main|2026-07-19 12:43:04.165 CDT|SSLCipher.java:1827|KeyLimit read side: algorithm = AES/GCM/NoPadding:KEYUPDATE
countdown value = 137438953472
javax.net.ssl|DEBUG|30|main|2026-07-19 12:43:04.165 CDT|Finished.java:685|Produced client Finished handshake message (
"Finished": {
  "verify data": {
    0000: A8 A9 4B AE 8C CF F3 0E   37 72 4E E6 CB B2 11 21  ..K.....7rN....!
    0010: 19 D9 7E F7 C0 F6 E1 3A   F0 5C 39 86 5F 71 49 E4  .......:.\9._qI.
    0020: 46 82 F7 67 78 87 F8 98   3A 1E F0 02 97 35 15 BC  F..gx...:....5..
  }
}
)
javax.net.ssl|DEBUG|30|main|2026-07-19 12:43:04.165 CDT|SSLSocketOutputRecord.java:261|WRITE: TLSv1.3 handshake, length = 52
javax.net.ssl|DEBUG|30|main|2026-07-19 12:43:04.166 CDT|SSLCipher.java:1988|KeyLimit write side: algorithm = AES/GCM/NoPadding:KEYUPDATE
countdown value = 137438953472
javax.net.ssl|DEBUG|30|main|2026-07-19 12:43:04.168 CDT|SSLSocketImpl.java:577|duplex close of SSLSocket
javax.net.ssl|DEBUG|30|main|2026-07-19 12:43:04.169 CDT|SSLSocketOutputRecord.java:71|WRITE: TLSv1.3 alert(user_canceled), length = 2
javax.net.ssl|DEBUG|30|main|2026-07-19 12:43:04.169 CDT|SSLSocketOutputRecord.java:71|WRITE: TLSv1.3 alert(close_notify), length = 2
javax.net.ssl|DEBUG|30|main|2026-07-19 12:43:04.169 CDT|SSLSocketImpl.java:1777|close the SSL connection (passive)
